# JRE version: Java(TM) SE Runtime Environment (8.0_144-b01) (build 1.8.0_144-b01)
# Java VM: Java HotSpot(TM) 64-Bit Server VM (25.144-b01 mixed mode linux-amd64 compressed oops)
Heap:
 PSYoungGen      total 632320K, used 18538K [0x0000000781800000, 0x00000007acb80000, 0x00000007c0000000)
  eden space 610816K, 0% used [0x0000000781800000,0x0000000781800000,0x00000007a6c80000)
  from space 21504K, 86% used [0x00000007a6c80000,0x00000007a7e9aa10,0x00000007a8180000)
  to   space 20992K, 0% used [0x00000007a8180000,0x00000007a8180000,0x00000007a9600000)
 ParOldGen       total 95232K, used 26230K [0x0000000704800000, 0x000000070a500000, 0x0000000781800000)
  object space 95232K, 27% used [0x0000000704800000,0x000000070619dbf8,0x000000070a500000)
 Metaspace       used 47023K, capacity 47820K, committed 48168K, reserved 1091584K
  class space    used 5924K, capacity 6131K, committed 6184K, reserved 1048576K
GC Heap History (10 events):
Event: 2.830 GC heap after
Heap after GC invocations=6 (full 1):
 PSYoungGen      total 202240K, used 7065K [0x0000000781800000, 0x0000000798580000, 0x00000007c0000000)
  eden space 194560K, 0% used [0x0000000781800000,0x0000000781800000,0x000000078d600000)
  from space 7680K, 91% used [0x000000078d600000,0x000000078dce6408,0x000000078dd80000)
  to   space 10240K, 0% used [0x0000000797b80000,0x0000000797b80000,0x0000000798580000)
 ParOldGen       total 66048K, used 7088K [0x0000000704800000, 0x0000000708880000, 0x0000000781800000)
  object space 66048K, 10% used [0x0000000704800000,0x0000000704eec0f8,0x0000000708880000)
 Metaspace       used 23356K, capacity 23818K, committed 24064K, reserved 1071104K
  class space    used 2933K, capacity 3062K, committed 3072K, reserved 1048576K
}
Event: 3.741 GC heap before
{Heap before GC invocations=7 (full 1):
 PSYoungGen      total 202240K, used 201625K [0x0000000781800000, 0x0000000798580000, 0x00000007c0000000)
  eden space 194560K, 100% used [0x0000000781800000,0x000000078d600000,0x000000078d600000)
  from space 7680K, 91% used [0x000000078d600000,0x000000078dce6408,0x000000078dd80000)
  to   space 10240K, 0% used [0x0000000797b80000,0x0000000797b80000,0x0000000798580000)
 ParOldGen       total 66048K, used 7088K [0x0000000704800000, 0x0000000708880000, 0x0000000781800000)
  object space 66048K, 10% used [0x0000000704800000,0x0000000704eec0f8,0x0000000708880000)
 Metaspace       used 28861K, capacity 29272K, committed 29440K, reserved 1075200K
  class space    used 3662K, capacity 3779K, committed 3840K, reserved 1048576K
Event: 3.789 GC heap after
Heap after GC invocations=7 (full 1):
 PSYoungGen      total 359424K, used 10216K [0x0000000781800000, 0x0000000798a00000, 0x00000007c0000000)
  eden space 349184K, 0% used [0x0000000781800000,0x0000000781800000,0x0000000796d00000)
  from space 10240K, 99% used [0x0000000797b80000,0x000000079857a038,0x0000000798580000)
  to   space 14848K, 0% used [0x0000000796d00000,0x0000000796d00000,0x0000000797b80000)
 ParOldGen       total 66048K, used 13092K [0x0000000704800000, 0x0000000708880000, 0x0000000781800000)
  object space 66048K, 19% used [0x0000000704800000,0x00000007054c91c0,0x0000000708880000)
 Metaspace       used 28861K, capacity 29272K, committed 29440K, reserved 1075200K
  class space    used 3662K, capacity 3779K, committed 3840K, reserved 1048576K
}
Event: 5.685 GC heap before
{Heap before GC invocations=8 (full 1):
 PSYoungGen      total 359424K, used 359400K [0x0000000781800000, 0x0000000798a00000, 0x00000007c0000000)
  eden space 349184K, 100% used [0x0000000781800000,0x0000000796d00000,0x0000000796d00000)
  from space 10240K, 99% used [0x0000000797b80000,0x000000079857a038,0x0000000798580000)
  to   space 14848K, 0% used [0x0000000796d00000,0x0000000796d00000,0x0000000797b80000)
 ParOldGen       total 66048K, used 13092K [0x0000000704800000, 0x0000000708880000, 0x0000000781800000)
  object space 66048K, 19% used [0x0000000704800000,0x00000007054c91c0,0x0000000708880000)
 Metaspace       used 34698K, capacity 35204K, committed 35496K, reserved 1081344K
  class space    used 4369K, capacity 4495K, committed 4520K, reserved 1048576K
Event: 5.716 GC heap after
Heap after GC invocations=8 (full 1):
 PSYoungGen      total 364032K, used 14817K [0x0000000781800000, 0x00000007a9600000, 0x00000007c0000000)
  eden space 349184K, 0% used [0x0000000781800000,0x0000000781800000,0x0000000796d00000)
  from space 14848K, 99% used [0x0000000796d00000,0x0000000797b786f0,0x0000000797b80000)
  to   space 20992K, 0% used [0x00000007a8180000,0x00000007a8180000,0x00000007a9600000)
 ParOldGen       total 66048K, used 19993K [0x0000000704800000, 0x0000000708880000, 0x0000000781800000)
  object space 66048K, 30% used [0x0000000704800000,0x0000000705b86758,0x0000000708880000)
 Metaspace       used 34698K, capacity 35204K, committed 35496K, reserved 1081344K
  class space    used 4369K, capacity 4495K, committed 4520K, reserved 1048576K
}
Event: 5.724 GC heap before
{Heap before GC invocations=9 (full 1):
 PSYoungGen      total 364032K, used 24205K [0x0000000781800000, 0x00000007a9600000, 0x00000007c0000000)
  eden space 349184K, 2% used [0x0000000781800000,0x000000078212ad38,0x0000000796d00000)
  from space 14848K, 99% used [0x0000000796d00000,0x0000000797b786f0,0x0000000797b80000)
  to   space 20992K, 0% used [0x00000007a8180000,0x00000007a8180000,0x00000007a9600000)
 ParOldGen       total 66048K, used 19993K [0x0000000704800000, 0x0000000708880000, 0x0000000781800000)
  object space 66048K, 30% used [0x0000000704800000,0x0000000705b86758,0x0000000708880000)
 Metaspace       used 34795K, capacity 35268K, committed 35496K, reserved 1081344K
  class space    used 4384K, capacity 4495K, committed 4520K, reserved 1048576K
Event: 5.754 GC heap after
Heap after GC invocations=9 (full 1):
 PSYoungGen      total 631808K, used 14878K [0x0000000781800000, 0x00000007acb80000, 0x00000007c0000000)
  eden space 610816K, 0% used [0x0000000781800000,0x0000000781800000,0x00000007a6c80000)
  from space 20992K, 70% used [0x00000007a8180000,0x00000007a9007a78,0x00000007a9600000)
  to   space 21504K, 0% used [0x00000007a6c80000,0x00000007a6c80000,0x00000007a8180000)
 ParOldGen       total 66048K, used 19993K [0x0000000704800000, 0x0000000708880000, 0x0000000781800000)
  object space 66048K, 30% used [0x0000000704800000,0x0000000705b86758,0x0000000708880000)
 Metaspace       used 34795K, capacity 35268K, committed 35496K, reserved 1081344K
  class space    used 4384K, capacity 4495K, committed 4520K, reserved 1048576K
}
Event: 5.754 GC heap before
{Heap before GC invocations=10 (full 2):
 PSYoungGen      total 631808K, used 14878K [0x0000000781800000, 0x00000007acb80000, 0x00000007c0000000)
  eden space 610816K, 0% used [0x0000000781800000,0x0000000781800000,0x00000007a6c80000)
  from space 20992K, 70% used [0x00000007a8180000,0x00000007a9007a78,0x00000007a9600000)
  to   space 21504K, 0% used [0x00000007a6c80000,0x00000007a6c80000,0x00000007a8180000)
 ParOldGen       total 66048K, used 19993K [0x0000000704800000, 0x0000000708880000, 0x0000000781800000)
  object space 66048K, 30% used [0x0000000704800000,0x0000000705b86758,0x0000000708880000)
 Metaspace       used 34795K, capacity 35268K, committed 35496K, reserved 1081344K
  class space    used 4384K, capacity 4495K, committed 4520K, reserved 1048576K
Event: 5.853 GC heap after
Heap after GC invocations=10 (full 2):
 PSYoungGen      total 631808K, used 0K [0x0000000781800000, 0x00000007acb80000, 0x00000007c0000000)
  eden space 610816K, 0% used [0x0000000781800000,0x0000000781800000,0x00000007a6c80000)
  from space 20992K, 0% used [0x00000007a8180000,0x00000007a8180000,0x00000007a9600000)
  to   space 21504K, 0% used [0x00000007a6c80000,0x00000007a6c80000,0x00000007a8180000)
 ParOldGen       total 95232K, used 26214K [0x0000000704800000, 0x000000070a500000, 0x0000000781800000)
  object space 95232K, 27% used [0x0000000704800000,0x0000000706199bf8,0x000000070a500000)
 Metaspace       used 34795K, capacity 35268K, committed 35496K, reserved 1081344K
  class space    used 4384K, capacity 4495K, committed 4520K, reserved 1048576K
}
Event: 41058.255 GC heap before
{Heap before GC invocations=11 (full 2):
 PSYoungGen      total 631808K, used 610816K [0x0000000781800000, 0x00000007acb80000, 0x00000007c0000000)
  eden space 610816K, 100% used [0x0000000781800000,0x00000007a6c80000,0x00000007a6c80000)
  from space 20992K, 0% used [0x00000007a8180000,0x00000007a8180000,0x00000007a9600000)
  to   space 21504K, 0% used [0x00000007a6c80000,0x00000007a6c80000,0x00000007a8180000)
 ParOldGen       total 95232K, used 26214K [0x0000000704800000, 0x000000070a500000, 0x0000000781800000)
  object space 95232K, 27% used [0x0000000704800000,0x0000000706199bf8,0x000000070a500000)
 Metaspace       used 47023K, capacity 47820K, committed 48168K, reserved 1091584K
  class space    used 5924K, capacity 6131K, committed 6184K, reserved 1048576K

