# JRE version: Java(TM) SE Runtime Environment (8.0_144-b01) (build 1.8.0_144-b01)
# Java VM: Java HotSpot(TM) 64-Bit Server VM (25.144-b01 mixed mode linux-amd64 compressed oops)
Heap:
 PSYoungGen      total 434176K, used 17396K [0x00000000d6800000, 0x00000000f2100000, 0x0000000100000000)
  eden space 416768K, 0% used [0x00000000d6800000,0x00000000d6800000,0x00000000eff00000)
  from space 17408K, 99% used [0x00000000eff00000,0x00000000f0ffd3a8,0x00000000f1000000)
  to   space 14848K, 0% used [0x00000000f1280000,0x00000000f1280000,0x00000000f2100000)
 ParOldGen       total 83456K, used 45450K [0x0000000083800000, 0x0000000088980000, 0x00000000d6800000)
  object space 83456K, 54% used [0x0000000083800000,0x00000000864629e0,0x0000000088980000)
 Metaspace       used 44316K, capacity 45058K, committed 45400K, reserved 1089536K
  class space    used 5780K, capacity 5970K, committed 5976K, reserved 1048576K
GC Heap History (10 events):
Event: 12.064 GC heap after
Heap after GC invocations=12 (full 1):
 PSYoungGen      total 191488K, used 8708K [0x00000000d6800000, 0x00000000e8900000, 0x0000000100000000)
  eden space 177152K, 0% used [0x00000000d6800000,0x00000000d6800000,0x00000000e1500000)
  from space 14336K, 60% used [0x00000000e1500000,0x00000000e1d813e8,0x00000000e2300000)
  to   space 14336K, 0% used [0x00000000e7b00000,0x00000000e7b00000,0x00000000e8900000)
 ParOldGen       total 46080K, used 27370K [0x0000000083800000, 0x0000000086500000, 0x00000000d6800000)
  object space 46080K, 59% used [0x0000000083800000,0x00000000852bab30,0x0000000086500000)
 Metaspace       used 31668K, capacity 32100K, committed 32384K, reserved 1077248K
  class space    used 4111K, capacity 4213K, committed 4224K, reserved 1048576K
}
Event: 12.527 GC heap before
{Heap before GC invocations=13 (full 1):
 PSYoungGen      total 191488K, used 185860K [0x00000000d6800000, 0x00000000e8900000, 0x0000000100000000)
  eden space 177152K, 100% used [0x00000000d6800000,0x00000000e1500000,0x00000000e1500000)
  from space 14336K, 60% used [0x00000000e1500000,0x00000000e1d813e8,0x00000000e2300000)
  to   space 14336K, 0% used [0x00000000e7b00000,0x00000000e7b00000,0x00000000e8900000)
 ParOldGen       total 46080K, used 27370K [0x0000000083800000, 0x0000000086500000, 0x00000000d6800000)
  object space 46080K, 59% used [0x0000000083800000,0x00000000852bab30,0x0000000086500000)
 Metaspace       used 32164K, capacity 32650K, committed 33024K, reserved 1077248K
  class space    used 4168K, capacity 4310K, committed 4352K, reserved 1048576K
Event: 12.543 GC heap after
Heap after GC invocations=13 (full 1):
 PSYoungGen      total 282112K, used 8288K [0x00000000d6800000, 0x00000000e8a00000, 0x0000000100000000)
  eden space 267776K, 0% used [0x00000000d6800000,0x00000000d6800000,0x00000000e6d80000)
  from space 14336K, 57% used [0x00000000e7b00000,0x00000000e83183b8,0x00000000e8900000)
  to   space 13824K, 0% used [0x00000000e6d80000,0x00000000e6d80000,0x00000000e7b00000)
 ParOldGen       total 46080K, used 30582K [0x0000000083800000, 0x0000000086500000, 0x00000000d6800000)
  object space 46080K, 66% used [0x0000000083800000,0x00000000855ddb40,0x0000000086500000)
 Metaspace       used 32164K, capacity 32650K, committed 33024K, reserved 1077248K
  class space    used 4168K, capacity 4310K, committed 4352K, reserved 1048576K
}
Event: 13.315 GC heap before
{Heap before GC invocations=14 (full 1):
 PSYoungGen      total 282112K, used 276064K [0x00000000d6800000, 0x00000000e8a00000, 0x0000000100000000)
  eden space 267776K, 100% used [0x00000000d6800000,0x00000000e6d80000,0x00000000e6d80000)
  from space 14336K, 57% used [0x00000000e7b00000,0x00000000e83183b8,0x00000000e8900000)
  to   space 13824K, 0% used [0x00000000e6d80000,0x00000000e6d80000,0x00000000e7b00000)
 ParOldGen       total 46080K, used 30582K [0x0000000083800000, 0x0000000086500000, 0x00000000d6800000)
  object space 46080K, 66% used [0x0000000083800000,0x00000000855ddb40,0x0000000086500000)
 Metaspace       used 33989K, capacity 34540K, committed 34816K, reserved 1079296K
  class space    used 4425K, capacity 4545K, committed 4608K, reserved 1048576K
Event: 13.456 GC heap after
Heap after GC invocations=14 (full 1):
 PSYoungGen      total 281600K, used 13801K [0x00000000d6800000, 0x00000000f2400000, 0x0000000100000000)
  eden space 267776K, 0% used [0x00000000d6800000,0x00000000d6800000,0x00000000e6d80000)
  from space 13824K, 99% used [0x00000000e6d80000,0x00000000e7afa4b0,0x00000000e7b00000)
  to   space 17920K, 0% used [0x00000000f1280000,0x00000000f1280000,0x00000000f2400000)
 ParOldGen       total 46080K, used 36659K [0x0000000083800000, 0x0000000086500000, 0x00000000d6800000)
  object space 46080K, 79% used [0x0000000083800000,0x0000000085bccd18,0x0000000086500000)
 Metaspace       used 33989K, capacity 34540K, committed 34816K, reserved 1079296K
  class space    used 4425K, capacity 4545K, committed 4608K, reserved 1048576K
}
Event: 14.330 GC heap before
{Heap before GC invocations=15 (full 1):
 PSYoungGen      total 281600K, used 150301K [0x00000000d6800000, 0x00000000f2400000, 0x0000000100000000)
  eden space 267776K, 50% used [0x00000000d6800000,0x00000000ded4d178,0x00000000e6d80000)
  from space 13824K, 99% used [0x00000000e6d80000,0x00000000e7afa4b0,0x00000000e7b00000)
  to   space 17920K, 0% used [0x00000000f1280000,0x00000000f1280000,0x00000000f2400000)
 ParOldGen       total 46080K, used 36659K [0x0000000083800000, 0x0000000086500000, 0x00000000d6800000)
  object space 46080K, 79% used [0x0000000083800000,0x0000000085bccd18,0x0000000086500000)
 Metaspace       used 34755K, capacity 35324K, committed 35416K, reserved 1079296K
  class space    used 4513K, capacity 4634K, committed 4696K, reserved 1048576K
Event: 14.349 GC heap after
Heap after GC invocations=15 (full 1):
 PSYoungGen      total 431616K, used 5683K [0x00000000d6800000, 0x00000000f2100000, 0x0000000100000000)
  eden space 416768K, 0% used [0x00000000d6800000,0x00000000d6800000,0x00000000eff00000)
  from space 14848K, 38% used [0x00000000f1280000,0x00000000f180cf00,0x00000000f2100000)
  to   space 17408K, 0% used [0x00000000eff00000,0x00000000eff00000,0x00000000f1000000)
 ParOldGen       total 46080K, used 40789K [0x0000000083800000, 0x0000000086500000, 0x00000000d6800000)
  object space 46080K, 88% used [0x0000000083800000,0x0000000085fd54d0,0x0000000086500000)
 Metaspace       used 34755K, capacity 35324K, committed 35416K, reserved 1079296K
  class space    used 4513K, capacity 4634K, committed 4696K, reserved 1048576K
}
Event: 14.349 GC heap before
{Heap before GC invocations=16 (full 2):
 PSYoungGen      total 431616K, used 5683K [0x00000000d6800000, 0x00000000f2100000, 0x0000000100000000)
  eden space 416768K, 0% used [0x00000000d6800000,0x00000000d6800000,0x00000000eff00000)
  from space 14848K, 38% used [0x00000000f1280000,0x00000000f180cf00,0x00000000f2100000)
  to   space 17408K, 0% used [0x00000000eff00000,0x00000000eff00000,0x00000000f1000000)
 ParOldGen       total 46080K, used 40789K [0x0000000083800000, 0x0000000086500000, 0x00000000d6800000)
  object space 46080K, 88% used [0x0000000083800000,0x0000000085fd54d0,0x0000000086500000)
 Metaspace       used 34755K, capacity 35324K, committed 35416K, reserved 1079296K
  class space    used 4513K, capacity 4634K, committed 4696K, reserved 1048576K
Event: 14.440 GC heap after
Heap after GC invocations=16 (full 2):
 PSYoungGen      total 431616K, used 0K [0x00000000d6800000, 0x00000000f2100000, 0x0000000100000000)
  eden space 416768K, 0% used [0x00000000d6800000,0x00000000d6800000,0x00000000eff00000)
  from space 14848K, 0% used [0x00000000f1280000,0x00000000f1280000,0x00000000f2100000)
  to   space 17408K, 0% used [0x00000000eff00000,0x00000000eff00000,0x00000000f1000000)
 ParOldGen       total 83456K, used 31611K [0x0000000083800000, 0x0000000088980000, 0x00000000d6800000)
  object space 83456K, 37% used [0x0000000083800000,0x00000000856dec50,0x0000000088980000)
 Metaspace       used 34755K, capacity 35324K, committed 35416K, reserved 1079296K
  class space    used 4513K, capacity 4634K, committed 4696K, reserved 1048576K
}
Event: 19.673 GC heap before
{Heap before GC invocations=17 (full 2):
 PSYoungGen      total 431616K, used 416768K [0x00000000d6800000, 0x00000000f2100000, 0x0000000100000000)
  eden space 416768K, 100% used [0x00000000d6800000,0x00000000eff00000,0x00000000eff00000)
  from space 14848K, 0% used [0x00000000f1280000,0x00000000f1280000,0x00000000f2100000)
  to   space 17408K, 0% used [0x00000000eff00000,0x00000000eff00000,0x00000000f1000000)
 ParOldGen       total 83456K, used 31611K [0x0000000083800000, 0x0000000088980000, 0x00000000d6800000)
  object space 83456K, 37% used [0x0000000083800000,0x00000000856dec50,0x0000000088980000)
 Metaspace       used 44316K, capacity 45058K, committed 45400K, reserved 1089536K
  class space    used 5780K, capacity 5970K, committed 5976K, reserved 1048576K

